0 verbose cli /usr/local/Cellar/node/24.4.0/bin/node /usr/local/bin/npm
1 info using npm@11.4.2
2 info using node@v24.4.0
3 silly config load:file:/usr/local/lib/node_modules/npm/npmrc
4 silly config load:file:/Users/macbookpro/colalaseller/.npmrc
5 silly config load:file:/Users/macbookpro/.npmrc
6 silly config load:file:/usr/local/etc/npmrc
7 verbose title npm start
8 verbose argv "start" "--cache" "clear"
9 verbose logfile logs-max:10 dir:/Users/macbookpro/colalaseller/clear/_logs/2025-10-07T23_18_43_336Z-
10 verbose logfile /Users/macbookpro/colalaseller/clear/_logs/2025-10-07T23_18_43_336Z-debug-0.log
11 silly logfile done cleaning log files
12 http fetch GET 200 https://registry.npmjs.org/npm 442ms
13 verbose cwd /Users/macbookpro/colalaseller
14 verbose os Darwin 22.6.0
15 verbose node v24.4.0
16 verbose npm  v11.4.2
17 notice
17 notice New [33mminor[39m version of npm available! [33m11.4.2[39m -> [34m11.6.1[39m
17 notice Changelog: [34mhttps://github.com/npm/cli/releases/tag/v11.6.1[39m
17 notice To update run: [4mnpm install -g npm@11.6.1[24m
17 notice  { force: true, Symbol(proc-log.meta): true }
18 verbose exit 0
19 info ok
